2016-06-12 14:45:17,890  INFO [main] - World.getWorld 89 - Create  -> Good day, World!
2016-06-12 14:45:18,265  INFO [main] - World.main 23 - Добрый день, Мир!
2016-06-12 14:46:39,062  INFO [main] - World.getWorld 89 - Create  -> Good morning, World!
2016-06-12 14:46:39,078  INFO [main] - World.getWorld 89 - Create  -> Good morning, World!
2016-06-12 14:46:39,078  INFO [main] - World.getWorld 89 - Create  -> Good day, World!
2016-06-12 14:46:39,093  INFO [main] - World.getWorld 89 - Create  -> Good day, World!
2016-06-12 14:46:39,093  INFO [main] - World.getWorld 89 - Create  -> Good night, World!
2016-06-12 14:46:39,093  INFO [main] - World.getWorld 89 - Create  -> Good night, World!
2016-06-12 14:46:39,093  INFO [main] - World.getWorld 89 - Create  -> Good evening, World!
2016-06-12 14:46:39,093  INFO [main] - World.getWorld 89 - Create  -> Good morning, World!
2016-06-12 14:46:39,093  INFO [main] - World.getWorld 89 - Create  -> Good day, World!
2016-06-12 14:46:39,093  INFO [main] - World.getWorld 89 - Create  -> Good evening, World!
2016-06-12 14:46:39,093  INFO [main] - World.getWorld 89 - Create  -> Good evening, World!
2016-06-12 14:46:39,093  INFO [main] - World.getWorld 89 - Create  -> Good evening, World!
2016-06-12 14:46:39,093  INFO [main] - World.getWorld 89 - Create  -> Good day, World!
2016-06-12 14:46:39,109  INFO [main] - World.getWorld 89 - Create  -> Good night, World!
2016-06-12 14:46:39,109  INFO [main] - World.getWorld 89 - Create  -> Good day, World!
2016-06-12 14:46:39,109  INFO [main] - World.getWorld 89 - Create  -> Good night, World!
2016-06-12 14:46:39,109  INFO [main] - World.getWorld 89 - Create  -> Good night, World!
2016-06-12 20:55:25,359  INFO [main] - World.getWorld 89 - Create  -> Good morning, World!
2016-06-12 20:55:25,406  INFO [main] - World.getWorld 89 - Create  -> Good morning, World!
2016-06-12 20:55:25,406  INFO [main] - World.getWorld 89 - Create  -> Good day, World!
2016-06-12 20:55:25,421  INFO [main] - World.getWorld 89 - Create  -> Good day, World!
2016-06-12 20:55:25,421  INFO [main] - World.getWorld 89 - Create  -> Good night, World!
2016-06-12 20:55:25,421  INFO [main] - World.getWorld 89 - Create  -> Good night, World!
2016-06-12 20:55:25,421  INFO [main] - World.getWorld 89 - Create  -> Good evening, World!
2016-06-12 20:55:25,421  INFO [main] - World.getWorld 89 - Create  -> Good morning, World!
2016-06-12 20:55:25,421  INFO [main] - World.getWorld 89 - Create  -> Good day, World!
2016-06-12 20:55:25,421  INFO [main] - World.getWorld 89 - Create  -> Good evening, World!
2016-06-12 20:55:25,421  INFO [main] - World.getWorld 89 - Create  -> Good evening, World!
2016-06-12 20:55:25,421  INFO [main] - World.getWorld 89 - Create  -> Good evening, World!
2016-06-12 20:55:25,453  INFO [main] - World.getWorld 89 - Create  -> Good day, World!
2016-06-12 20:55:25,453  INFO [main] - World.getWorld 89 - Create  -> Good night, World!
2016-06-12 20:55:25,453  INFO [main] - World.getWorld 89 - Create  -> Good day, World!
2016-06-12 20:55:25,453  INFO [main] - World.getWorld 89 - Create  -> Good night, World!
2016-06-12 20:55:25,453  INFO [main] - World.getWorld 89 - Create  -> Good night, World!
2016-06-12 20:56:02,406  INFO [main] - World.getWorld 89 - Create  -> Good evening, World!
2016-06-12 20:56:02,625  INFO [main] - World.main 23 - Добрый вечер, Мир!
2016-06-12 00:56:20,296  INFO [main] - World.getWorld 89 - Create  -> Good night, World!
2016-06-12 00:56:20,296  INFO [main] - World.main 23 - Спокойной ночи, Мир!
2016-06-12 00:58:03,953  INFO [main] - World.getWorld 89 - Create  -> Good night, World!
2016-06-12 00:58:03,953  INFO [main] - World.main 23 - Спокойной ночи, Мир!
2016-06-12 06:05:06,718  INFO [main] - World.getWorld 89 - Create  -> Good morning, World!
2016-06-12 06:05:06,796  INFO [main] - World.main 23 - Доброе утро, Мир!
2016-06-12 12:09:52,250  INFO [main] - World.getWorld 89 - Create  -> Good day, World!
2016-06-12 12:09:52,359  INFO [main] - World.main 23 - Добрый день, Мир!
2016-06-12 15:11:49,671  INFO [main] - World.getWorld 89 - Create  -> Good morning, World!
2016-06-12 15:11:49,703  INFO [main] - World.getWorld 89 - Create  -> Good morning, World!
2016-06-12 15:11:49,703  INFO [main] - World.getWorld 89 - Create  -> Good day, World!
2016-06-12 15:11:49,718  INFO [main] - World.getWorld 89 - Create  -> Good day, World!
2016-06-12 15:11:49,718  INFO [main] - World.getWorld 89 - Create  -> Good night, World!
2016-06-12 15:11:49,718  INFO [main] - World.getWorld 89 - Create  -> Good night, World!
2016-06-12 15:11:49,718  INFO [main] - World.getWorld 89 - Create  -> Good evening, World!
2016-06-12 15:11:49,718  INFO [main] - World.getWorld 89 - Create  -> Good morning, World!
2016-06-12 15:11:49,718  INFO [main] - World.getWorld 89 - Create  -> Good day, World!
2016-06-12 15:11:49,718  INFO [main] - World.getWorld 89 - Create  -> Good evening, World!
2016-06-12 15:11:49,718  INFO [main] - World.getWorld 89 - Create  -> Good evening, World!
2016-06-12 15:11:49,718  INFO [main] - World.getWorld 89 - Create  -> Good evening, World!
2016-06-12 15:11:49,718  INFO [main] - World.getWorld 89 - Create  -> Good day, World!
2016-06-12 15:11:49,718  INFO [main] - World.getWorld 89 - Create  -> Good night, World!
2016-06-12 15:11:49,734  INFO [main] - World.getWorld 89 - Create  -> Good day, World!
2016-06-12 15:11:49,734  INFO [main] - World.getWorld 89 - Create  -> Good night, World!
2016-06-12 15:11:49,750  INFO [main] - World.getWorld 89 - Create  -> Good night, World!
